2022/01/11 10:32:29 /Users/dengronghui/Documents/Apps/public/datamanager/base/service.go:53: [:T]Service:  dataManagerService starting ......
2022/01/11 10:32:29 /Users/dengronghui/Documents/Apps/public/datamanager/base/service.go:60: [:T]Service:  dataManagerService started
2022/01/11 10:32:29 /Users/dengronghui/Documents/Apps/public/datamanager/base/service.go:144: [:T]  Runner:  dataManagerService_LogStoreRunner-1 start running ......
2022/01/11 10:32:29 /Users/dengronghui/Documents/Apps/public/datamanager/base/service.go:144: [:T]  Runner:  dataManagerService_LogStoreRunner-6 start running ......
2022/01/11 10:32:29 /Users/dengronghui/Documents/Apps/public/datamanager/base/service.go:144: [:T]  Runner:  dataManagerService_LogLoadRunner-0 start running ......
2022/01/11 10:32:29 /Users/dengronghui/Documents/Apps/public/datamanager/base/service.go:144: [:T]  Runner:  dataManagerService_LogStoreRunner-5 start running ......
2022/01/11 10:32:29 /Users/dengronghui/Documents/Apps/public/datamanager/base/service.go:144: [:T]  Runner:  dataManagerService_LogStoreRunner-4 start running ......
2022/01/11 10:32:29 /Users/dengronghui/Documents/Apps/public/datamanager/base/service.go:144: [:T]  Runner:  dataManagerService_LogStoreRunner-8 start running ......
2022/01/11 10:32:29 /Users/dengronghui/Documents/Apps/public/datamanager/base/service.go:144: [:T]  Runner:  dataManagerService_LogStoreRunner-7 start running ......
2022/01/11 10:32:29 /Users/dengronghui/Documents/Apps/public/datamanager/base/service.go:144: [:T]  Runner:  dataManagerService_LogStoreRunner-2 start running ......
2022/01/11 10:32:29 /Users/dengronghui/Documents/Apps/public/datamanager/base/service.go:144: [:T]  Runner:  dataManagerService_LogStoreRunner-9 start running ......
2022/01/11 10:32:29 /Users/dengronghui/Documents/Apps/public/datamanager/base/service.go:144: [:T]  Runner:  dataManagerService_LogStoreRunner-10 start running ......
2022/01/11 10:32:29 /Users/dengronghui/Documents/Apps/public/datamanager/base/service.go:144: [:T]  Runner:  dataManagerService_LogStoreRunner-3 start running ......
2022/01/11 10:42:40 /Users/dengronghui/Documents/Apps/public/datamanager/base/service.go:53: [:T]Service:  dataManagerService starting ......
2022/01/11 10:42:40 /Users/dengronghui/Documents/Apps/public/datamanager/base/service.go:60: [:T]Service:  dataManagerService started
2022/01/11 10:42:40 /Users/dengronghui/Documents/Apps/public/datamanager/base/service.go:144: [:T]  Runner:  dataManagerService_LogStoreRunner-1 start running ......
2022/01/11 10:42:40 /Users/dengronghui/Documents/Apps/public/datamanager/base/service.go:144: [:T]  Runner:  dataManagerService_LogLoadRunner-0 start running ......
2022/01/11 10:42:40 /Users/dengronghui/Documents/Apps/public/datamanager/base/service.go:144: [:T]  Runner:  dataManagerService_LogStoreRunner-6 start running ......
2022/01/11 10:42:40 /Users/dengronghui/Documents/Apps/public/datamanager/base/service.go:144: [:T]  Runner:  dataManagerService_LogStoreRunner-10 start running ......
2022/01/11 10:42:40 /Users/dengronghui/Documents/Apps/public/datamanager/base/service.go:144: [:T]  Runner:  dataManagerService_LogStoreRunner-4 start running ......
2022/01/11 10:42:40 /Users/dengronghui/Documents/Apps/public/datamanager/base/service.go:144: [:T]  Runner:  dataManagerService_LogStoreRunner-3 start running ......
2022/01/11 10:42:40 /Users/dengronghui/Documents/Apps/public/datamanager/base/service.go:144: [:T]  Runner:  dataManagerService_LogStoreRunner-2 start running ......
2022/01/11 10:42:40 /Users/dengronghui/Documents/Apps/public/datamanager/base/service.go:144: [:T]  Runner:  dataManagerService_LogStoreRunner-8 start running ......
2022/01/11 10:42:40 /Users/dengronghui/Documents/Apps/public/datamanager/base/service.go:144: [:T]  Runner:  dataManagerService_LogStoreRunner-9 start running ......
2022/01/11 10:42:40 /Users/dengronghui/Documents/Apps/public/datamanager/base/service.go:144: [:T]  Runner:  dataManagerService_LogStoreRunner-7 start running ......
2022/01/11 10:42:40 /Users/dengronghui/Documents/Apps/public/datamanager/base/service.go:144: [:T]  Runner:  dataManagerService_LogStoreRunner-5 start running ......
2022/01/11 10:43:06 /Users/dengronghui/Documents/Apps/public/datamanager/base/service.go:53: [:T]Service:  dataManagerService starting ......
2022/01/11 10:43:06 /Users/dengronghui/Documents/Apps/public/datamanager/base/service.go:60: [:T]Service:  dataManagerService started
2022/01/11 10:43:06 /Users/dengronghui/Documents/Apps/public/datamanager/base/service.go:144: [:T]  Runner:  dataManagerService_LogLoadRunner-0 start running ......
2022/01/11 10:43:06 /Users/dengronghui/Documents/Apps/public/datamanager/base/service.go:144: [:T]  Runner:  dataManagerService_LogStoreRunner-2 start running ......
2022/01/11 10:43:06 /Users/dengronghui/Documents/Apps/public/datamanager/base/service.go:144: [:T]  Runner:  dataManagerService_LogStoreRunner-3 start running ......
2022/01/11 10:43:06 /Users/dengronghui/Documents/Apps/public/datamanager/base/service.go:144: [:T]  Runner:  dataManagerService_LogStoreRunner-4 start running ......
2022/01/11 10:43:06 /Users/dengronghui/Documents/Apps/public/datamanager/base/service.go:144: [:T]  Runner:  dataManagerService_LogStoreRunner-7 start running ......
2022/01/11 10:43:06 /Users/dengronghui/Documents/Apps/public/datamanager/base/service.go:144: [:T]  Runner:  dataManagerService_LogStoreRunner-10 start running ......
2022/01/11 10:43:06 /Users/dengronghui/Documents/Apps/public/datamanager/base/service.go:144: [:T]  Runner:  dataManagerService_LogStoreRunner-9 start running ......
2022/01/11 10:43:06 /Users/dengronghui/Documents/Apps/public/datamanager/base/service.go:144: [:T]  Runner:  dataManagerService_LogStoreRunner-5 start running ......
2022/01/11 10:43:06 /Users/dengronghui/Documents/Apps/public/datamanager/base/service.go:144: [:T]  Runner:  dataManagerService_LogStoreRunner-1 start running ......
2022/01/11 10:43:06 /Users/dengronghui/Documents/Apps/public/datamanager/base/service.go:144: [:T]  Runner:  dataManagerService_LogStoreRunner-6 start running ......
2022/01/11 10:43:06 /Users/dengronghui/Documents/Apps/public/datamanager/base/service.go:144: [:T]  Runner:  dataManagerService_LogStoreRunner-8 start running ......
2022/01/11 10:44:24 /Users/dengronghui/Documents/Apps/public/datamanager/base/service.go:53: [:T]Service:  dataManagerService starting ......
2022/01/11 10:44:24 /Users/dengronghui/Documents/Apps/public/datamanager/base/service.go:60: [:T]Service:  dataManagerService started
2022/01/11 10:44:24 /Users/dengronghui/Documents/Apps/public/datamanager/base/service.go:144: [:T]  Runner:  dataManagerService_LogStoreRunner-8 start running ......
2022/01/11 10:44:24 /Users/dengronghui/Documents/Apps/public/datamanager/base/service.go:144: [:T]  Runner:  dataManagerService_LogStoreRunner-4 start running ......
2022/01/11 10:44:24 /Users/dengronghui/Documents/Apps/public/datamanager/base/service.go:144: [:T]  Runner:  dataManagerService_LogStoreRunner-7 start running ......
2022/01/11 10:44:24 /Users/dengronghui/Documents/Apps/public/datamanager/base/service.go:144: [:T]  Runner:  dataManagerService_LogStoreRunner-5 start running ......
2022/01/11 10:44:24 /Users/dengronghui/Documents/Apps/public/datamanager/base/service.go:144: [:T]  Runner:  dataManagerService_LogStoreRunner-3 start running ......
2022/01/11 10:44:24 /Users/dengronghui/Documents/Apps/public/datamanager/base/service.go:144: [:T]  Runner:  dataManagerService_LogLoadRunner-0 start running ......
2022/01/11 10:44:24 /Users/dengronghui/Documents/Apps/public/datamanager/base/service.go:144: [:T]  Runner:  dataManagerService_LogStoreRunner-10 start running ......
2022/01/11 10:44:24 /Users/dengronghui/Documents/Apps/public/datamanager/base/service.go:144: [:T]  Runner:  dataManagerService_LogStoreRunner-2 start running ......
2022/01/11 10:44:24 /Users/dengronghui/Documents/Apps/public/datamanager/base/service.go:144: [:T]  Runner:  dataManagerService_LogStoreRunner-6 start running ......
2022/01/11 10:44:24 /Users/dengronghui/Documents/Apps/public/datamanager/base/service.go:144: [:T]  Runner:  dataManagerService_LogStoreRunner-9 start running ......
2022/01/11 10:44:24 /Users/dengronghui/Documents/Apps/public/datamanager/base/service.go:144: [:T]  Runner:  dataManagerService_LogStoreRunner-1 start running ......
2022/01/11 11:01:05 /Users/dengronghui/Documents/Apps/public/datamanager/base/service.go:53: [:T]Service:  dataManagerService starting ......
2022/01/11 11:01:05 /Users/dengronghui/Documents/Apps/public/datamanager/base/service.go:144: [:T]  Runner:  dataManagerService_LogStoreRunner-1 start running ......
2022/01/11 11:01:05 /Users/dengronghui/Documents/Apps/public/datamanager/base/service.go:144: [:T]  Runner:  dataManagerService_LogStoreRunner-2 start running ......
2022/01/11 11:01:05 /Users/dengronghui/Documents/Apps/public/datamanager/base/service.go:144: [:T]  Runner:  dataManagerService_LogLoadRunner-0 start running ......
2022/01/11 11:01:05 /Users/dengronghui/Documents/Apps/public/datamanager/base/service.go:144: [:T]  Runner:  dataManagerService_LogStoreRunner-3 start running ......
2022/01/11 11:01:05 /Users/dengronghui/Documents/Apps/public/datamanager/base/service.go:60: [:T]Service:  dataManagerService started
2022/01/11 11:01:05 /Users/dengronghui/Documents/Apps/public/datamanager/base/service.go:144: [:T]  Runner:  dataManagerService_LogStoreRunner-4 start running ......
2022/01/11 11:01:05 /Users/dengronghui/Documents/Apps/public/datamanager/base/service.go:144: [:T]  Runner:  dataManagerService_LogStoreRunner-5 start running ......
2022/01/11 11:01:05 /Users/dengronghui/Documents/Apps/public/datamanager/base/service.go:144: [:T]  Runner:  dataManagerService_LogStoreRunner-7 start running ......
2022/01/11 11:01:05 /Users/dengronghui/Documents/Apps/public/datamanager/base/service.go:144: [:T]  Runner:  dataManagerService_LogStoreRunner-6 start running ......
2022/01/11 11:01:05 /Users/dengronghui/Documents/Apps/public/datamanager/base/service.go:144: [:T]  Runner:  dataManagerService_LogStoreRunner-8 start running ......
2022/01/11 11:01:05 /Users/dengronghui/Documents/Apps/public/datamanager/base/service.go:144: [:T]  Runner:  dataManagerService_LogStoreRunner-9 start running ......
2022/01/11 11:01:05 /Users/dengronghui/Documents/Apps/public/datamanager/base/service.go:144: [:T]  Runner:  dataManagerService_LogStoreRunner-10 start running ......
2022/01/11 11:01:36 /Users/dengronghui/Documents/Apps/public/datamanager/base/service.go:53: [:T]Service:  dataManagerService starting ......
2022/01/11 11:01:36 /Users/dengronghui/Documents/Apps/public/datamanager/base/service.go:60: [:T]Service:  dataManagerService started
2022/01/11 11:01:36 /Users/dengronghui/Documents/Apps/public/datamanager/base/service.go:144: [:T]  Runner:  dataManagerService_LogStoreRunner-2 start running ......
2022/01/11 11:01:36 /Users/dengronghui/Documents/Apps/public/datamanager/base/service.go:144: [:T]  Runner:  dataManagerService_LogStoreRunner-7 start running ......
2022/01/11 11:01:36 /Users/dengronghui/Documents/Apps/public/datamanager/base/service.go:144: [:T]  Runner:  dataManagerService_LogStoreRunner-10 start running ......
2022/01/11 11:01:36 /Users/dengronghui/Documents/Apps/public/datamanager/base/service.go:144: [:T]  Runner:  dataManagerService_LogStoreRunner-1 start running ......
2022/01/11 11:01:36 /Users/dengronghui/Documents/Apps/public/datamanager/base/service.go:144: [:T]  Runner:  dataManagerService_LogStoreRunner-8 start running ......
2022/01/11 11:01:36 /Users/dengronghui/Documents/Apps/public/datamanager/base/service.go:144: [:T]  Runner:  dataManagerService_LogStoreRunner-5 start running ......
2022/01/11 11:01:36 /Users/dengronghui/Documents/Apps/public/datamanager/base/service.go:144: [:T]  Runner:  dataManagerService_LogStoreRunner-3 start running ......
2022/01/11 11:01:36 /Users/dengronghui/Documents/Apps/public/datamanager/base/service.go:144: [:T]  Runner:  dataManagerService_LogStoreRunner-9 start running ......
2022/01/11 11:01:36 /Users/dengronghui/Documents/Apps/public/datamanager/base/service.go:144: [:T]  Runner:  dataManagerService_LogStoreRunner-4 start running ......
2022/01/11 11:01:36 /Users/dengronghui/Documents/Apps/public/datamanager/base/service.go:144: [:T]  Runner:  dataManagerService_LogLoadRunner-0 start running ......
2022/01/11 11:01:36 /Users/dengronghui/Documents/Apps/public/datamanager/base/service.go:144: [:T]  Runner:  dataManagerService_LogStoreRunner-6 start running ......
2022/01/11 11:01:57 /Users/dengronghui/Documents/Apps/public/datamanager/base/service.go:53: [:T]Service:  dataManagerService starting ......
2022/01/11 11:01:57 /Users/dengronghui/Documents/Apps/public/datamanager/base/service.go:60: [:T]Service:  dataManagerService started
2022/01/11 11:01:57 /Users/dengronghui/Documents/Apps/public/datamanager/base/service.go:144: [:T]  Runner:  dataManagerService_LogStoreRunner-1 start running ......
2022/01/11 11:01:57 /Users/dengronghui/Documents/Apps/public/datamanager/base/service.go:144: [:T]  Runner:  dataManagerService_LogStoreRunner-6 start running ......
2022/01/11 11:01:57 /Users/dengronghui/Documents/Apps/public/datamanager/base/service.go:144: [:T]  Runner:  dataManagerService_LogStoreRunner-5 start running ......
2022/01/11 11:01:57 /Users/dengronghui/Documents/Apps/public/datamanager/base/service.go:144: [:T]  Runner:  dataManagerService_LogStoreRunner-2 start running ......
2022/01/11 11:01:57 /Users/dengronghui/Documents/Apps/public/datamanager/base/service.go:144: [:T]  Runner:  dataManagerService_LogStoreRunner-7 start running ......
2022/01/11 11:01:57 /Users/dengronghui/Documents/Apps/public/datamanager/base/service.go:144: [:T]  Runner:  dataManagerService_LogStoreRunner-8 start running ......
2022/01/11 11:01:57 /Users/dengronghui/Documents/Apps/public/datamanager/base/service.go:144: [:T]  Runner:  dataManagerService_LogStoreRunner-4 start running ......
2022/01/11 11:01:57 /Users/dengronghui/Documents/Apps/public/datamanager/base/service.go:144: [:T]  Runner:  dataManagerService_LogStoreRunner-3 start running ......
2022/01/11 11:01:57 /Users/dengronghui/Documents/Apps/public/datamanager/base/service.go:144: [:T]  Runner:  dataManagerService_LogStoreRunner-9 start running ......
2022/01/11 11:01:57 /Users/dengronghui/Documents/Apps/public/datamanager/base/service.go:144: [:T]  Runner:  dataManagerService_LogLoadRunner-0 start running ......
2022/01/11 11:01:57 /Users/dengronghui/Documents/Apps/public/datamanager/base/service.go:144: [:T]  Runner:  dataManagerService_LogStoreRunner-10 start running ......
2022/01/11 11:02:32 /Users/dengronghui/Documents/Apps/public/datamanager/base/service.go:53: [:T]Service:  dataManagerService starting ......
2022/01/11 11:02:32 /Users/dengronghui/Documents/Apps/public/datamanager/base/service.go:144: [:T]  Runner:  dataManagerService_LogStoreRunner-7 start running ......
2022/01/11 11:02:32 /Users/dengronghui/Documents/Apps/public/datamanager/base/service.go:60: [:T]Service:  dataManagerService started
2022/01/11 11:02:32 /Users/dengronghui/Documents/Apps/public/datamanager/base/service.go:144: [:T]  Runner:  dataManagerService_LogStoreRunner-2 start running ......
2022/01/11 11:02:32 /Users/dengronghui/Documents/Apps/public/datamanager/base/service.go:144: [:T]  Runner:  dataManagerService_LogStoreRunner-4 start running ......
2022/01/11 11:02:32 /Users/dengronghui/Documents/Apps/public/datamanager/base/service.go:144: [:T]  Runner:  dataManagerService_LogStoreRunner-3 start running ......
2022/01/11 11:02:32 /Users/dengronghui/Documents/Apps/public/datamanager/base/service.go:144: [:T]  Runner:  dataManagerService_LogStoreRunner-1 start running ......
2022/01/11 11:02:32 /Users/dengronghui/Documents/Apps/public/datamanager/base/service.go:144: [:T]  Runner:  dataManagerService_LogStoreRunner-5 start running ......
2022/01/11 11:02:32 /Users/dengronghui/Documents/Apps/public/datamanager/base/service.go:144: [:T]  Runner:  dataManagerService_LogStoreRunner-10 start running ......
2022/01/11 11:02:32 /Users/dengronghui/Documents/Apps/public/datamanager/base/service.go:144: [:T]  Runner:  dataManagerService_LogStoreRunner-6 start running ......
2022/01/11 11:02:32 /Users/dengronghui/Documents/Apps/public/datamanager/base/service.go:144: [:T]  Runner:  dataManagerService_LogStoreRunner-9 start running ......
2022/01/11 11:02:32 /Users/dengronghui/Documents/Apps/public/datamanager/base/service.go:144: [:T]  Runner:  dataManagerService_LogLoadRunner-0 start running ......
2022/01/11 11:02:32 /Users/dengronghui/Documents/Apps/public/datamanager/base/service.go:144: [:T]  Runner:  dataManagerService_LogStoreRunner-8 start running ......
2022/01/11 11:03:08 /Users/dengronghui/Documents/Apps/public/datamanager/base/service.go:53: [:T]Service:  dataManagerService starting ......
2022/01/11 11:03:08 /Users/dengronghui/Documents/Apps/public/datamanager/base/service.go:60: [:T]Service:  dataManagerService started
2022/01/11 11:03:08 /Users/dengronghui/Documents/Apps/public/datamanager/base/service.go:144: [:T]  Runner:  dataManagerService_LogStoreRunner-7 start running ......
2022/01/11 11:03:08 /Users/dengronghui/Documents/Apps/public/datamanager/base/service.go:144: [:T]  Runner:  dataManagerService_LogStoreRunner-3 start running ......
2022/01/11 11:03:08 /Users/dengronghui/Documents/Apps/public/datamanager/base/service.go:144: [:T]  Runner:  dataManagerService_LogStoreRunner-8 start running ......
2022/01/11 11:03:08 /Users/dengronghui/Documents/Apps/public/datamanager/base/service.go:144: [:T]  Runner:  dataManagerService_LogStoreRunner-1 start running ......
2022/01/11 11:03:08 /Users/dengronghui/Documents/Apps/public/datamanager/base/service.go:144: [:T]  Runner:  dataManagerService_LogStoreRunner-10 start running ......
2022/01/11 11:03:08 /Users/dengronghui/Documents/Apps/public/datamanager/base/service.go:144: [:T]  Runner:  dataManagerService_LogStoreRunner-2 start running ......
2022/01/11 11:03:08 /Users/dengronghui/Documents/Apps/public/datamanager/base/service.go:144: [:T]  Runner:  dataManagerService_LogStoreRunner-4 start running ......
2022/01/11 11:03:08 /Users/dengronghui/Documents/Apps/public/datamanager/base/service.go:144: [:T]  Runner:  dataManagerService_LogLoadRunner-0 start running ......
2022/01/11 11:03:08 /Users/dengronghui/Documents/Apps/public/datamanager/base/service.go:144: [:T]  Runner:  dataManagerService_LogStoreRunner-9 start running ......
2022/01/11 11:03:08 /Users/dengronghui/Documents/Apps/public/datamanager/base/service.go:144: [:T]  Runner:  dataManagerService_LogStoreRunner-6 start running ......
2022/01/11 11:03:08 /Users/dengronghui/Documents/Apps/public/datamanager/base/service.go:144: [:T]  Runner:  dataManagerService_LogStoreRunner-5 start running ......
2022/01/11 11:03:53 /Users/dengronghui/Documents/Apps/public/datamanager/base/service.go:53: [:T]Service:  dataManagerService starting ......
2022/01/11 11:03:53 /Users/dengronghui/Documents/Apps/public/datamanager/base/service.go:60: [:T]Service:  dataManagerService started
2022/01/11 11:03:53 /Users/dengronghui/Documents/Apps/public/datamanager/base/service.go:144: [:T]  Runner:  dataManagerService_LogStoreRunner-4 start running ......
2022/01/11 11:03:53 /Users/dengronghui/Documents/Apps/public/datamanager/base/service.go:144: [:T]  Runner:  dataManagerService_LogLoadRunner-0 start running ......
2022/01/11 11:03:53 /Users/dengronghui/Documents/Apps/public/datamanager/base/service.go:144: [:T]  Runner:  dataManagerService_LogStoreRunner-7 start running ......
2022/01/11 11:03:53 /Users/dengronghui/Documents/Apps/public/datamanager/base/service.go:144: [:T]  Runner:  dataManagerService_LogStoreRunner-9 start running ......
2022/01/11 11:03:53 /Users/dengronghui/Documents/Apps/public/datamanager/base/service.go:144: [:T]  Runner:  dataManagerService_LogStoreRunner-8 start running ......
2022/01/11 11:03:53 /Users/dengronghui/Documents/Apps/public/datamanager/base/service.go:144: [:T]  Runner:  dataManagerService_LogStoreRunner-1 start running ......
2022/01/11 11:03:53 /Users/dengronghui/Documents/Apps/public/datamanager/base/service.go:144: [:T]  Runner:  dataManagerService_LogStoreRunner-10 start running ......
2022/01/11 11:03:53 /Users/dengronghui/Documents/Apps/public/datamanager/base/service.go:144: [:T]  Runner:  dataManagerService_LogStoreRunner-2 start running ......
2022/01/11 11:03:53 /Users/dengronghui/Documents/Apps/public/datamanager/base/service.go:144: [:T]  Runner:  dataManagerService_LogStoreRunner-5 start running ......
2022/01/11 11:03:53 /Users/dengronghui/Documents/Apps/public/datamanager/base/service.go:144: [:T]  Runner:  dataManagerService_LogStoreRunner-6 start running ......
2022/01/11 11:03:53 /Users/dengronghui/Documents/Apps/public/datamanager/base/service.go:144: [:T]  Runner:  dataManagerService_LogStoreRunner-3 start running ......
2022/01/11 11:04:33 /Users/dengronghui/Documents/Apps/public/datamanager/base/service.go:53: [:T]Service:  dataManagerService starting ......
2022/01/11 11:04:33 /Users/dengronghui/Documents/Apps/public/datamanager/base/service.go:60: [:T]Service:  dataManagerService started
2022/01/11 11:04:33 /Users/dengronghui/Documents/Apps/public/datamanager/base/service.go:144: [:T]  Runner:  dataManagerService_LogStoreRunner-4 start running ......
2022/01/11 11:04:33 /Users/dengronghui/Documents/Apps/public/datamanager/base/service.go:144: [:T]  Runner:  dataManagerService_LogStoreRunner-2 start running ......
2022/01/11 11:04:33 /Users/dengronghui/Documents/Apps/public/datamanager/base/service.go:144: [:T]  Runner:  dataManagerService_LogStoreRunner-1 start running ......
2022/01/11 11:04:33 /Users/dengronghui/Documents/Apps/public/datamanager/base/service.go:144: [:T]  Runner:  dataManagerService_LogLoadRunner-0 start running ......
2022/01/11 11:04:33 /Users/dengronghui/Documents/Apps/public/datamanager/base/service.go:144: [:T]  Runner:  dataManagerService_LogStoreRunner-7 start running ......
2022/01/11 11:04:33 /Users/dengronghui/Documents/Apps/public/datamanager/base/service.go:144: [:T]  Runner:  dataManagerService_LogStoreRunner-6 start running ......
2022/01/11 11:04:33 /Users/dengronghui/Documents/Apps/public/datamanager/base/service.go:144: [:T]  Runner:  dataManagerService_LogStoreRunner-10 start running ......
2022/01/11 11:04:33 /Users/dengronghui/Documents/Apps/public/datamanager/base/service.go:144: [:T]  Runner:  dataManagerService_LogStoreRunner-5 start running ......
2022/01/11 11:04:33 /Users/dengronghui/Documents/Apps/public/datamanager/base/service.go:144: [:T]  Runner:  dataManagerService_LogStoreRunner-3 start running ......
2022/01/11 11:04:33 /Users/dengronghui/Documents/Apps/public/datamanager/base/service.go:144: [:T]  Runner:  dataManagerService_LogStoreRunner-8 start running ......
2022/01/11 11:04:33 /Users/dengronghui/Documents/Apps/public/datamanager/base/service.go:144: [:T]  Runner:  dataManagerService_LogStoreRunner-9 start running ......
2022/01/11 11:07:26 /Users/dengronghui/Documents/Apps/public/datamanager/base/service.go:53: [:T]Service:  dataManagerService starting ......
2022/01/11 11:07:26 /Users/dengronghui/Documents/Apps/public/datamanager/base/service.go:60: [:T]Service:  dataManagerService started
2022/01/11 11:07:26 /Users/dengronghui/Documents/Apps/public/datamanager/base/service.go:144: [:T]  Runner:  dataManagerService_LogLoadRunner-0 start running ......
2022/01/11 11:07:26 /Users/dengronghui/Documents/Apps/public/datamanager/base/service.go:144: [:T]  Runner:  dataManagerService_LogStoreRunner-5 start running ......
2022/01/11 11:07:26 /Users/dengronghui/Documents/Apps/public/datamanager/base/service.go:144: [:T]  Runner:  dataManagerService_LogStoreRunner-3 start running ......
2022/01/11 11:07:26 /Users/dengronghui/Documents/Apps/public/datamanager/base/service.go:144: [:T]  Runner:  dataManagerService_LogStoreRunner-4 start running ......
2022/01/11 11:07:26 /Users/dengronghui/Documents/Apps/public/datamanager/base/service.go:144: [:T]  Runner:  dataManagerService_LogStoreRunner-6 start running ......
2022/01/11 11:07:26 /Users/dengronghui/Documents/Apps/public/datamanager/base/service.go:144: [:T]  Runner:  dataManagerService_LogStoreRunner-2 start running ......
2022/01/11 11:07:26 /Users/dengronghui/Documents/Apps/public/datamanager/base/service.go:144: [:T]  Runner:  dataManagerService_LogStoreRunner-10 start running ......
2022/01/11 11:07:26 /Users/dengronghui/Documents/Apps/public/datamanager/base/service.go:144: [:T]  Runner:  dataManagerService_LogStoreRunner-1 start running ......
2022/01/11 11:07:26 /Users/dengronghui/Documents/Apps/public/datamanager/base/service.go:144: [:T]  Runner:  dataManagerService_LogStoreRunner-8 start running ......
2022/01/11 11:07:26 /Users/dengronghui/Documents/Apps/public/datamanager/base/service.go:144: [:T]  Runner:  dataManagerService_LogStoreRunner-7 start running ......
2022/01/11 11:07:26 /Users/dengronghui/Documents/Apps/public/datamanager/base/service.go:144: [:T]  Runner:  dataManagerService_LogStoreRunner-9 start running ......
2022/01/11 11:11:14 /Users/dengronghui/Documents/Apps/public/datamanager/base/service.go:53: [:T]Service:  dataManagerService starting ......
2022/01/11 11:11:14 /Users/dengronghui/Documents/Apps/public/datamanager/base/service.go:60: [:T]Service:  dataManagerService started
2022/01/11 11:11:14 /Users/dengronghui/Documents/Apps/public/datamanager/base/service.go:144: [:T]  Runner:  dataManagerService_LogLoadRunner-0 start running ......
2022/01/11 11:11:14 /Users/dengronghui/Documents/Apps/public/datamanager/base/service.go:144: [:T]  Runner:  dataManagerService_LogStoreRunner-3 start running ......
2022/01/11 11:11:14 /Users/dengronghui/Documents/Apps/public/datamanager/base/service.go:144: [:T]  Runner:  dataManagerService_LogStoreRunner-7 start running ......
2022/01/11 11:11:14 /Users/dengronghui/Documents/Apps/public/datamanager/base/service.go:144: [:T]  Runner:  dataManagerService_LogStoreRunner-4 start running ......
2022/01/11 11:11:14 /Users/dengronghui/Documents/Apps/public/datamanager/base/service.go:144: [:T]  Runner:  dataManagerService_LogStoreRunner-1 start running ......
2022/01/11 11:11:14 /Users/dengronghui/Documents/Apps/public/datamanager/base/service.go:144: [:T]  Runner:  dataManagerService_LogStoreRunner-5 start running ......
2022/01/11 11:11:14 /Users/dengronghui/Documents/Apps/public/datamanager/base/service.go:144: [:T]  Runner:  dataManagerService_LogStoreRunner-2 start running ......
2022/01/11 11:11:14 /Users/dengronghui/Documents/Apps/public/datamanager/base/service.go:144: [:T]  Runner:  dataManagerService_LogStoreRunner-8 start running ......
2022/01/11 11:11:14 /Users/dengronghui/Documents/Apps/public/datamanager/base/service.go:144: [:T]  Runner:  dataManagerService_LogStoreRunner-6 start running ......
2022/01/11 11:11:14 /Users/dengronghui/Documents/Apps/public/datamanager/base/service.go:144: [:T]  Runner:  dataManagerService_LogStoreRunner-9 start running ......
2022/01/11 11:11:14 /Users/dengronghui/Documents/Apps/public/datamanager/base/service.go:144: [:T]  Runner:  dataManagerService_LogStoreRunner-10 start running ......
2022/01/11 11:14:33 /Users/dengronghui/Documents/Apps/public/datamanager/base/service.go:53: [:T]Service:  dataManagerService starting ......
2022/01/11 11:14:33 /Users/dengronghui/Documents/Apps/public/datamanager/base/service.go:60: [:T]Service:  dataManagerService started
2022/01/11 11:14:33 /Users/dengronghui/Documents/Apps/public/datamanager/base/service.go:144: [:T]  Runner:  dataManagerService_LogStoreRunner-2 start running ......
2022/01/11 11:14:33 /Users/dengronghui/Documents/Apps/public/datamanager/base/service.go:144: [:T]  Runner:  dataManagerService_LogStoreRunner-5 start running ......
2022/01/11 11:14:33 /Users/dengronghui/Documents/Apps/public/datamanager/base/service.go:144: [:T]  Runner:  dataManagerService_LogLoadRunner-0 start running ......
2022/01/11 11:14:33 /Users/dengronghui/Documents/Apps/public/datamanager/base/service.go:144: [:T]  Runner:  dataManagerService_LogStoreRunner-4 start running ......
2022/01/11 11:14:33 /Users/dengronghui/Documents/Apps/public/datamanager/base/service.go:144: [:T]  Runner:  dataManagerService_LogStoreRunner-10 start running ......
2022/01/11 11:14:33 /Users/dengronghui/Documents/Apps/public/datamanager/base/service.go:144: [:T]  Runner:  dataManagerService_LogStoreRunner-9 start running ......
2022/01/11 11:14:33 /Users/dengronghui/Documents/Apps/public/datamanager/base/service.go:144: [:T]  Runner:  dataManagerService_LogStoreRunner-8 start running ......
2022/01/11 11:14:33 /Users/dengronghui/Documents/Apps/public/datamanager/base/service.go:144: [:T]  Runner:  dataManagerService_LogStoreRunner-7 start running ......
2022/01/11 11:14:33 /Users/dengronghui/Documents/Apps/public/datamanager/base/service.go:144: [:T]  Runner:  dataManagerService_LogStoreRunner-3 start running ......
2022/01/11 11:14:33 /Users/dengronghui/Documents/Apps/public/datamanager/base/service.go:144: [:T]  Runner:  dataManagerService_LogStoreRunner-6 start running ......
2022/01/11 11:14:33 /Users/dengronghui/Documents/Apps/public/datamanager/base/service.go:144: [:T]  Runner:  dataManagerService_LogStoreRunner-1 start running ......
2022/01/11 11:18:19 /Users/dengronghui/Documents/Apps/public/datamanager/base/service.go:53: [:T]Service:  dataManagerService starting ......
2022/01/11 11:18:19 /Users/dengronghui/Documents/Apps/public/datamanager/base/service.go:60: [:T]Service:  dataManagerService started
2022/01/11 11:18:19 /Users/dengronghui/Documents/Apps/public/datamanager/base/service.go:144: [:T]  Runner:  dataManagerService_LogStoreRunner-5 start running ......
2022/01/11 11:18:19 /Users/dengronghui/Documents/Apps/public/datamanager/base/service.go:144: [:T]  Runner:  dataManagerService_LogLoadRunner-0 start running ......
2022/01/11 11:18:19 /Users/dengronghui/Documents/Apps/public/datamanager/base/service.go:144: [:T]  Runner:  dataManagerService_LogStoreRunner-6 start running ......
2022/01/11 11:18:19 /Users/dengronghui/Documents/Apps/public/datamanager/base/service.go:144: [:T]  Runner:  dataManagerService_LogStoreRunner-3 start running ......
2022/01/11 11:18:19 /Users/dengronghui/Documents/Apps/public/datamanager/base/service.go:144: [:T]  Runner:  dataManagerService_LogStoreRunner-8 start running ......
2022/01/11 11:18:19 /Users/dengronghui/Documents/Apps/public/datamanager/base/service.go:144: [:T]  Runner:  dataManagerService_LogStoreRunner-9 start running ......
2022/01/11 11:18:19 /Users/dengronghui/Documents/Apps/public/datamanager/base/service.go:144: [:T]  Runner:  dataManagerService_LogStoreRunner-2 start running ......
2022/01/11 11:18:19 /Users/dengronghui/Documents/Apps/public/datamanager/base/service.go:144: [:T]  Runner:  dataManagerService_LogStoreRunner-10 start running ......
2022/01/11 11:18:19 /Users/dengronghui/Documents/Apps/public/datamanager/base/service.go:144: [:T]  Runner:  dataManagerService_LogStoreRunner-7 start running ......
2022/01/11 11:18:19 /Users/dengronghui/Documents/Apps/public/datamanager/base/service.go:144: [:T]  Runner:  dataManagerService_LogStoreRunner-4 start running ......
2022/01/11 11:18:19 /Users/dengronghui/Documents/Apps/public/datamanager/base/service.go:144: [:T]  Runner:  dataManagerService_LogStoreRunner-1 start running ......
2022/01/11 11:21:07 /Users/dengronghui/Documents/Apps/public/datamanager/base/service.go:53: [:T]Service:  dataManagerService starting ......
2022/01/11 11:21:07 /Users/dengronghui/Documents/Apps/public/datamanager/base/service.go:144: [:T]  Runner:  dataManagerService_LogLoadRunner-0 start running ......
2022/01/11 11:21:07 /Users/dengronghui/Documents/Apps/public/datamanager/base/service.go:144: [:T]  Runner:  dataManagerService_LogStoreRunner-1 start running ......
2022/01/11 11:21:07 /Users/dengronghui/Documents/Apps/public/datamanager/base/service.go:144: [:T]  Runner:  dataManagerService_LogStoreRunner-2 start running ......
2022/01/11 11:21:07 /Users/dengronghui/Documents/Apps/public/datamanager/base/service.go:144: [:T]  Runner:  dataManagerService_LogStoreRunner-8 start running ......
2022/01/11 11:21:07 /Users/dengronghui/Documents/Apps/public/datamanager/base/service.go:144: [:T]  Runner:  dataManagerService_LogStoreRunner-10 start running ......
2022/01/11 11:21:07 /Users/dengronghui/Documents/Apps/public/datamanager/base/service.go:144: [:T]  Runner:  dataManagerService_LogStoreRunner-5 start running ......
2022/01/11 11:21:07 /Users/dengronghui/Documents/Apps/public/datamanager/base/service.go:144: [:T]  Runner:  dataManagerService_LogStoreRunner-7 start running ......
2022/01/11 11:21:07 /Users/dengronghui/Documents/Apps/public/datamanager/base/service.go:144: [:T]  Runner:  dataManagerService_LogStoreRunner-3 start running ......
2022/01/11 11:21:07 /Users/dengronghui/Documents/Apps/public/datamanager/base/service.go:60: [:T]Service:  dataManagerService started
2022/01/11 11:21:07 /Users/dengronghui/Documents/Apps/public/datamanager/base/service.go:144: [:T]  Runner:  dataManagerService_LogStoreRunner-9 start running ......
2022/01/11 11:21:07 /Users/dengronghui/Documents/Apps/public/datamanager/base/service.go:144: [:T]  Runner:  dataManagerService_LogStoreRunner-4 start running ......
2022/01/11 11:21:07 /Users/dengronghui/Documents/Apps/public/datamanager/base/service.go:144: [:T]  Runner:  dataManagerService_LogStoreRunner-6 start running ......
2022/01/11 11:22:17 /Users/dengronghui/Documents/Apps/public/datamanager/base/service.go:53: [:T]Service:  dataManagerService starting ......
2022/01/11 11:22:17 /Users/dengronghui/Documents/Apps/public/datamanager/base/service.go:144: [:T]  Runner:  dataManagerService_LogStoreRunner-4 start running ......
2022/01/11 11:22:17 /Users/dengronghui/Documents/Apps/public/datamanager/base/service.go:144: [:T]  Runner:  dataManagerService_LogStoreRunner-6 start running ......
2022/01/11 11:22:17 /Users/dengronghui/Documents/Apps/public/datamanager/base/service.go:60: [:T]Service:  dataManagerService started
2022/01/11 11:22:17 /Users/dengronghui/Documents/Apps/public/datamanager/base/service.go:144: [:T]  Runner:  dataManagerService_LogStoreRunner-8 start running ......
2022/01/11 11:22:17 /Users/dengronghui/Documents/Apps/public/datamanager/base/service.go:144: [:T]  Runner:  dataManagerService_LogStoreRunner-10 start running ......
2022/01/11 11:22:17 /Users/dengronghui/Documents/Apps/public/datamanager/base/service.go:144: [:T]  Runner:  dataManagerService_LogStoreRunner-5 start running ......
2022/01/11 11:22:17 /Users/dengronghui/Documents/Apps/public/datamanager/base/service.go:144: [:T]  Runner:  dataManagerService_LogStoreRunner-9 start running ......
2022/01/11 11:22:17 /Users/dengronghui/Documents/Apps/public/datamanager/base/service.go:144: [:T]  Runner:  dataManagerService_LogLoadRunner-0 start running ......
2022/01/11 11:22:17 /Users/dengronghui/Documents/Apps/public/datamanager/base/service.go:144: [:T]  Runner:  dataManagerService_LogStoreRunner-7 start running ......
2022/01/11 11:22:17 /Users/dengronghui/Documents/Apps/public/datamanager/base/service.go:144: [:T]  Runner:  dataManagerService_LogStoreRunner-2 start running ......
2022/01/11 11:22:17 /Users/dengronghui/Documents/Apps/public/datamanager/base/service.go:144: [:T]  Runner:  dataManagerService_LogStoreRunner-3 start running ......
2022/01/11 11:22:17 /Users/dengronghui/Documents/Apps/public/datamanager/base/service.go:144: [:T]  Runner:  dataManagerService_LogStoreRunner-1 start running ......
2022/01/11 11:23:42 /Users/dengronghui/Documents/Apps/public/datamanager/base/service.go:53: [:T]Service:  dataManagerService starting ......
2022/01/11 11:23:42 /Users/dengronghui/Documents/Apps/public/datamanager/base/service.go:60: [:T]Service:  dataManagerService started
2022/01/11 11:23:42 /Users/dengronghui/Documents/Apps/public/datamanager/base/service.go:144: [:T]  Runner:  dataManagerService_LogStoreRunner-1 start running ......
2022/01/11 11:23:42 /Users/dengronghui/Documents/Apps/public/datamanager/base/service.go:144: [:T]  Runner:  dataManagerService_LogStoreRunner-2 start running ......
2022/01/11 11:23:42 /Users/dengronghui/Documents/Apps/public/datamanager/base/service.go:144: [:T]  Runner:  dataManagerService_LogStoreRunner-5 start running ......
2022/01/11 11:23:42 /Users/dengronghui/Documents/Apps/public/datamanager/base/service.go:144: [:T]  Runner:  dataManagerService_LogStoreRunner-7 start running ......
2022/01/11 11:23:42 /Users/dengronghui/Documents/Apps/public/datamanager/base/service.go:144: [:T]  Runner:  dataManagerService_LogStoreRunner-4 start running ......
2022/01/11 11:23:42 /Users/dengronghui/Documents/Apps/public/datamanager/base/service.go:144: [:T]  Runner:  dataManagerService_LogStoreRunner-6 start running ......
2022/01/11 11:23:42 /Users/dengronghui/Documents/Apps/public/datamanager/base/service.go:144: [:T]  Runner:  dataManagerService_LogLoadRunner-0 start running ......
2022/01/11 11:23:42 /Users/dengronghui/Documents/Apps/public/datamanager/base/service.go:144: [:T]  Runner:  dataManagerService_LogStoreRunner-3 start running ......
2022/01/11 11:23:42 /Users/dengronghui/Documents/Apps/public/datamanager/base/service.go:144: [:T]  Runner:  dataManagerService_LogStoreRunner-8 start running ......
2022/01/11 11:23:42 /Users/dengronghui/Documents/Apps/public/datamanager/base/service.go:144: [:T]  Runner:  dataManagerService_LogStoreRunner-10 start running ......
2022/01/11 11:23:42 /Users/dengronghui/Documents/Apps/public/datamanager/base/service.go:144: [:T]  Runner:  dataManagerService_LogStoreRunner-9 start running ......
2022/01/11 14:16:40 /Users/dengronghui/Documents/Apps/public/datamanager/base/service.go:53: [:T]Service:  dataManagerService starting ......
2022/01/11 14:16:40 /Users/dengronghui/Documents/Apps/public/datamanager/base/service.go:60: [:T]Service:  dataManagerService started
2022/01/11 14:16:40 /Users/dengronghui/Documents/Apps/public/datamanager/base/service.go:144: [:T]  Runner:  dataManagerService_LogStoreRunner-6 start running ......
2022/01/11 14:16:40 /Users/dengronghui/Documents/Apps/public/datamanager/base/service.go:144: [:T]  Runner:  dataManagerService_LogStoreRunner-3 start running ......
2022/01/11 14:16:40 /Users/dengronghui/Documents/Apps/public/datamanager/base/service.go:144: [:T]  Runner:  dataManagerService_LogStoreRunner-9 start running ......
2022/01/11 14:16:40 /Users/dengronghui/Documents/Apps/public/datamanager/base/service.go:144: [:T]  Runner:  dataManagerService_LogStoreRunner-8 start running ......
2022/01/11 14:16:40 /Users/dengronghui/Documents/Apps/public/datamanager/base/service.go:144: [:T]  Runner:  dataManagerService_LogStoreRunner-5 start running ......
2022/01/11 14:16:40 /Users/dengronghui/Documents/Apps/public/datamanager/base/service.go:144: [:T]  Runner:  dataManagerService_LogStoreRunner-1 start running ......
2022/01/11 14:16:40 /Users/dengronghui/Documents/Apps/public/datamanager/base/service.go:144: [:T]  Runner:  dataManagerService_LogStoreRunner-2 start running ......
2022/01/11 14:16:40 /Users/dengronghui/Documents/Apps/public/datamanager/base/service.go:144: [:T]  Runner:  dataManagerService_LogStoreRunner-4 start running ......
2022/01/11 14:16:40 /Users/dengronghui/Documents/Apps/public/datamanager/base/service.go:144: [:T]  Runner:  dataManagerService_LogStoreRunner-7 start running ......
2022/01/11 14:16:40 /Users/dengronghui/Documents/Apps/public/datamanager/base/service.go:144: [:T]  Runner:  dataManagerService_LogStoreRunner-10 start running ......
2022/01/11 14:16:40 /Users/dengronghui/Documents/Apps/public/datamanager/base/service.go:144: [:T]  Runner:  dataManagerService_LogLoadRunner-0 start running ......
2022/01/11 14:27:03 /Users/dengronghui/Documents/Apps/public/datamanager/base/service.go:53: [:T]Service:  dataManagerService starting ......
2022/01/11 14:27:03 /Users/dengronghui/Documents/Apps/public/datamanager/base/service.go:60: [:T]Service:  dataManagerService started
2022/01/11 14:27:03 /Users/dengronghui/Documents/Apps/public/datamanager/base/service.go:144: [:T]  Runner:  dataManagerService_LogStoreRunner-4 start running ......
2022/01/11 14:27:03 /Users/dengronghui/Documents/Apps/public/datamanager/base/service.go:144: [:T]  Runner:  dataManagerService_LogStoreRunner-1 start running ......
2022/01/11 14:27:03 /Users/dengronghui/Documents/Apps/public/datamanager/base/service.go:144: [:T]  Runner:  dataManagerService_LogStoreRunner-5 start running ......
2022/01/11 14:27:03 /Users/dengronghui/Documents/Apps/public/datamanager/base/service.go:144: [:T]  Runner:  dataManagerService_LogStoreRunner-7 start running ......
2022/01/11 14:27:03 /Users/dengronghui/Documents/Apps/public/datamanager/base/service.go:144: [:T]  Runner:  dataManagerService_LogStoreRunner-8 start running ......
2022/01/11 14:27:03 /Users/dengronghui/Documents/Apps/public/datamanager/base/service.go:144: [:T]  Runner:  dataManagerService_LogStoreRunner-10 start running ......
2022/01/11 14:27:03 /Users/dengronghui/Documents/Apps/public/datamanager/base/service.go:144: [:T]  Runner:  dataManagerService_LogStoreRunner-2 start running ......
2022/01/11 14:27:03 /Users/dengronghui/Documents/Apps/public/datamanager/base/service.go:144: [:T]  Runner:  dataManagerService_LogStoreRunner-3 start running ......
2022/01/11 14:27:03 /Users/dengronghui/Documents/Apps/public/datamanager/base/service.go:144: [:T]  Runner:  dataManagerService_LogStoreRunner-6 start running ......
2022/01/11 14:27:03 /Users/dengronghui/Documents/Apps/public/datamanager/base/service.go:144: [:T]  Runner:  dataManagerService_LogLoadRunner-0 start running ......
2022/01/11 14:27:03 /Users/dengronghui/Documents/Apps/public/datamanager/base/service.go:144: [:T]  Runner:  dataManagerService_LogStoreRunner-9 start running ......
2022/01/11 15:19:13 /Users/dengronghui/Documents/Apps/public/datamanager/base/service.go:53: [:T]Service:  dataManagerService starting ......
2022/01/11 15:19:13 /Users/dengronghui/Documents/Apps/public/datamanager/base/service.go:144: [:T]  Runner:  dataManagerService_LogLoadRunner-0 start running ......
2022/01/11 15:19:13 /Users/dengronghui/Documents/Apps/public/datamanager/base/service.go:144: [:T]  Runner:  dataManagerService_LogStoreRunner-10 start running ......
2022/01/11 15:19:13 /Users/dengronghui/Documents/Apps/public/datamanager/base/service.go:144: [:T]  Runner:  dataManagerService_LogStoreRunner-2 start running ......
2022/01/11 15:19:13 /Users/dengronghui/Documents/Apps/public/datamanager/base/service.go:144: [:T]  Runner:  dataManagerService_LogStoreRunner-5 start running ......
2022/01/11 15:19:13 /Users/dengronghui/Documents/Apps/public/datamanager/base/service.go:144: [:T]  Runner:  dataManagerService_LogStoreRunner-8 start running ......
2022/01/11 15:19:13 /Users/dengronghui/Documents/Apps/public/datamanager/base/service.go:144: [:T]  Runner:  dataManagerService_LogStoreRunner-9 start running ......
2022/01/11 15:19:13 /Users/dengronghui/Documents/Apps/public/datamanager/base/service.go:60: [:T]Service:  dataManagerService started
2022/01/11 15:19:13 /Users/dengronghui/Documents/Apps/public/datamanager/base/service.go:144: [:T]  Runner:  dataManagerService_LogStoreRunner-1 start running ......
2022/01/11 15:19:13 /Users/dengronghui/Documents/Apps/public/datamanager/base/service.go:144: [:T]  Runner:  dataManagerService_LogStoreRunner-3 start running ......
2022/01/11 15:19:13 /Users/dengronghui/Documents/Apps/public/datamanager/base/service.go:144: [:T]  Runner:  dataManagerService_LogStoreRunner-4 start running ......
2022/01/11 15:19:13 /Users/dengronghui/Documents/Apps/public/datamanager/base/service.go:144: [:T]  Runner:  dataManagerService_LogStoreRunner-6 start running ......
2022/01/11 15:19:13 /Users/dengronghui/Documents/Apps/public/datamanager/base/service.go:144: [:T]  Runner:  dataManagerService_LogStoreRunner-7 start running ......
2022/01/11 15:21:41 /Users/dengronghui/Documents/Apps/public/datamanager/base/service.go:53: [:T]Service:  dataManagerService starting ......
2022/01/11 15:21:41 /Users/dengronghui/Documents/Apps/public/datamanager/base/service.go:60: [:T]Service:  dataManagerService started
2022/01/11 15:21:41 /Users/dengronghui/Documents/Apps/public/datamanager/base/service.go:144: [:T]  Runner:  dataManagerService_LogLoadRunner-0 start running ......
2022/01/11 15:21:41 /Users/dengronghui/Documents/Apps/public/datamanager/base/service.go:144: [:T]  Runner:  dataManagerService_LogStoreRunner-6 start running ......
2022/01/11 15:21:41 /Users/dengronghui/Documents/Apps/public/datamanager/base/service.go:144: [:T]  Runner:  dataManagerService_LogStoreRunner-8 start running ......
2022/01/11 15:21:41 /Users/dengronghui/Documents/Apps/public/datamanager/base/service.go:144: [:T]  Runner:  dataManagerService_LogStoreRunner-2 start running ......
2022/01/11 15:21:41 /Users/dengronghui/Documents/Apps/public/datamanager/base/service.go:144: [:T]  Runner:  dataManagerService_LogStoreRunner-1 start running ......
2022/01/11 15:21:41 /Users/dengronghui/Documents/Apps/public/datamanager/base/service.go:144: [:T]  Runner:  dataManagerService_LogStoreRunner-10 start running ......
2022/01/11 15:21:41 /Users/dengronghui/Documents/Apps/public/datamanager/base/service.go:144: [:T]  Runner:  dataManagerService_LogStoreRunner-5 start running ......
2022/01/11 15:21:41 /Users/dengronghui/Documents/Apps/public/datamanager/base/service.go:144: [:T]  Runner:  dataManagerService_LogStoreRunner-4 start running ......
2022/01/11 15:21:41 /Users/dengronghui/Documents/Apps/public/datamanager/base/service.go:144: [:T]  Runner:  dataManagerService_LogStoreRunner-7 start running ......
2022/01/11 15:21:41 /Users/dengronghui/Documents/Apps/public/datamanager/base/service.go:144: [:T]  Runner:  dataManagerService_LogStoreRunner-9 start running ......
2022/01/11 15:21:41 /Users/dengronghui/Documents/Apps/public/datamanager/base/service.go:144: [:T]  Runner:  dataManagerService_LogStoreRunner-3 start running ......
2022/01/11 15:23:49 /Users/dengronghui/Documents/Apps/public/datamanager/base/service.go:53: [:T]Service:  dataManagerService starting ......
2022/01/11 15:23:49 /Users/dengronghui/Documents/Apps/public/datamanager/base/service.go:60: [:T]Service:  dataManagerService started
2022/01/11 15:23:49 /Users/dengronghui/Documents/Apps/public/datamanager/base/service.go:144: [:T]  Runner:  dataManagerService_LogLoadRunner-0 start running ......
2022/01/11 15:23:49 /Users/dengronghui/Documents/Apps/public/datamanager/base/service.go:144: [:T]  Runner:  dataManagerService_LogStoreRunner-5 start running ......
2022/01/11 15:23:49 /Users/dengronghui/Documents/Apps/public/datamanager/base/service.go:144: [:T]  Runner:  dataManagerService_LogStoreRunner-2 start running ......
2022/01/11 15:23:49 /Users/dengronghui/Documents/Apps/public/datamanager/base/service.go:144: [:T]  Runner:  dataManagerService_LogStoreRunner-4 start running ......
2022/01/11 15:23:49 /Users/dengronghui/Documents/Apps/public/datamanager/base/service.go:144: [:T]  Runner:  dataManagerService_LogStoreRunner-7 start running ......
2022/01/11 15:23:49 /Users/dengronghui/Documents/Apps/public/datamanager/base/service.go:144: [:T]  Runner:  dataManagerService_LogStoreRunner-6 start running ......
2022/01/11 15:23:49 /Users/dengronghui/Documents/Apps/public/datamanager/base/service.go:144: [:T]  Runner:  dataManagerService_LogStoreRunner-8 start running ......
2022/01/11 15:23:49 /Users/dengronghui/Documents/Apps/public/datamanager/base/service.go:144: [:T]  Runner:  dataManagerService_LogStoreRunner-9 start running ......
2022/01/11 15:23:49 /Users/dengronghui/Documents/Apps/public/datamanager/base/service.go:144: [:T]  Runner:  dataManagerService_LogStoreRunner-1 start running ......
2022/01/11 15:23:49 /Users/dengronghui/Documents/Apps/public/datamanager/base/service.go:144: [:T]  Runner:  dataManagerService_LogStoreRunner-3 start running ......
2022/01/11 15:23:49 /Users/dengronghui/Documents/Apps/public/datamanager/base/service.go:144: [:T]  Runner:  dataManagerService_LogStoreRunner-10 start running ......
2022/01/11 15:26:59 /Users/dengronghui/Documents/Apps/public/datamanager/base/service.go:53: [:T]Service:  dataManagerService starting ......
2022/01/11 15:26:59 /Users/dengronghui/Documents/Apps/public/datamanager/base/service.go:144: [:T]  Runner:  dataManagerService_LogStoreRunner-1 start running ......
2022/01/11 15:26:59 /Users/dengronghui/Documents/Apps/public/datamanager/base/service.go:144: [:T]  Runner:  dataManagerService_LogStoreRunner-5 start running ......
2022/01/11 15:26:59 /Users/dengronghui/Documents/Apps/public/datamanager/base/service.go:144: [:T]  Runner:  dataManagerService_LogStoreRunner-7 start running ......
2022/01/11 15:26:59 /Users/dengronghui/Documents/Apps/public/datamanager/base/service.go:144: [:T]  Runner:  dataManagerService_LogStoreRunner-8 start running ......
2022/01/11 15:26:59 /Users/dengronghui/Documents/Apps/public/datamanager/base/service.go:144: [:T]  Runner:  dataManagerService_LogStoreRunner-10 start running ......
2022/01/11 15:26:59 /Users/dengronghui/Documents/Apps/public/datamanager/base/service.go:144: [:T]  Runner:  dataManagerService_LogStoreRunner-9 start running ......
2022/01/11 15:26:59 /Users/dengronghui/Documents/Apps/public/datamanager/base/service.go:144: [:T]  Runner:  dataManagerService_LogLoadRunner-0 start running ......
2022/01/11 15:26:59 /Users/dengronghui/Documents/Apps/public/datamanager/base/service.go:144: [:T]  Runner:  dataManagerService_LogStoreRunner-2 start running ......
2022/01/11 15:26:59 /Users/dengronghui/Documents/Apps/public/datamanager/base/service.go:144: [:T]  Runner:  dataManagerService_LogStoreRunner-3 start running ......
2022/01/11 15:26:59 /Users/dengronghui/Documents/Apps/public/datamanager/base/service.go:60: [:T]Service:  dataManagerService started
2022/01/11 15:26:59 /Users/dengronghui/Documents/Apps/public/datamanager/base/service.go:144: [:T]  Runner:  dataManagerService_LogStoreRunner-4 start running ......
2022/01/11 15:26:59 /Users/dengronghui/Documents/Apps/public/datamanager/base/service.go:144: [:T]  Runner:  dataManagerService_LogStoreRunner-6 start running ......
