2022/01/10 21:02:08 /Users/dengronghui/Documents/Apps/public/datamanager/base/service.go:53: [:T]Service:  dataManagerService starting ......
2022/01/10 21:02:10 /Users/dengronghui/Documents/Apps/public/datamanager/base/service.go:60: [:T]Service:  dataManagerService started
2022/01/10 21:02:10 /Users/dengronghui/Documents/Apps/public/datamanager/base/service.go:144: [:T]  Runner:  dataManagerService_LogStoreRunner-10 start running ......
2022/01/10 21:02:10 /Users/dengronghui/Documents/Apps/public/datamanager/base/service.go:144: [:T]  Runner:  dataManagerService_LogStoreRunner-3 start running ......
2022/01/10 21:02:10 /Users/dengronghui/Documents/Apps/public/datamanager/base/service.go:144: [:T]  Runner:  dataManagerService_LogStoreRunner-8 start running ......
2022/01/10 21:02:10 /Users/dengronghui/Documents/Apps/public/datamanager/base/service.go:144: [:T]  Runner:  dataManagerService_LogStoreRunner-6 start running ......
2022/01/10 21:02:10 /Users/dengronghui/Documents/Apps/public/datamanager/base/service.go:144: [:T]  Runner:  dataManagerService_LogStoreRunner-9 start running ......
2022/01/10 21:02:10 /Users/dengronghui/Documents/Apps/public/datamanager/base/service.go:144: [:T]  Runner:  dataManagerService_LogStoreRunner-4 start running ......
2022/01/10 21:02:10 /Users/dengronghui/Documents/Apps/public/datamanager/base/service.go:144: [:T]  Runner:  dataManagerService_LogStoreRunner-5 start running ......
2022/01/10 21:02:10 /Users/dengronghui/Documents/Apps/public/datamanager/base/service.go:144: [:T]  Runner:  dataManagerService_LogStoreRunner-7 start running ......
2022/01/10 21:02:10 /Users/dengronghui/Documents/Apps/public/datamanager/base/service.go:144: [:T]  Runner:  dataManagerService_LogLoadRunner-0 start running ......
2022/01/10 21:02:10 /Users/dengronghui/Documents/Apps/public/datamanager/base/service.go:144: [:T]  Runner:  dataManagerService_LogStoreRunner-2 start running ......
2022/01/10 21:02:10 /Users/dengronghui/Documents/Apps/public/datamanager/base/service.go:144: [:T]  Runner:  dataManagerService_LogStoreRunner-1 start running ......
2022/01/10 21:13:36 /Users/dengronghui/Documents/Apps/public/datamanager/base/service.go:53: [:T]Service:  dataManagerService starting ......
2022/01/10 21:13:36 /Users/dengronghui/Documents/Apps/public/datamanager/base/service.go:60: [:T]Service:  dataManagerService started
2022/01/10 21:13:36 /Users/dengronghui/Documents/Apps/public/datamanager/base/service.go:144: [:T]  Runner:  dataManagerService_LogStoreRunner-6 start running ......
2022/01/10 21:13:36 /Users/dengronghui/Documents/Apps/public/datamanager/base/service.go:144: [:T]  Runner:  dataManagerService_LogStoreRunner-4 start running ......
2022/01/10 21:13:36 /Users/dengronghui/Documents/Apps/public/datamanager/base/service.go:144: [:T]  Runner:  dataManagerService_LogStoreRunner-8 start running ......
2022/01/10 21:13:36 /Users/dengronghui/Documents/Apps/public/datamanager/base/service.go:144: [:T]  Runner:  dataManagerService_LogStoreRunner-2 start running ......
2022/01/10 21:13:36 /Users/dengronghui/Documents/Apps/public/datamanager/base/service.go:144: [:T]  Runner:  dataManagerService_LogStoreRunner-5 start running ......
2022/01/10 21:13:36 /Users/dengronghui/Documents/Apps/public/datamanager/base/service.go:144: [:T]  Runner:  dataManagerService_LogStoreRunner-7 start running ......
2022/01/10 21:13:36 /Users/dengronghui/Documents/Apps/public/datamanager/base/service.go:144: [:T]  Runner:  dataManagerService_LogLoadRunner-0 start running ......
2022/01/10 21:13:36 /Users/dengronghui/Documents/Apps/public/datamanager/base/service.go:144: [:T]  Runner:  dataManagerService_LogStoreRunner-1 start running ......
2022/01/10 21:13:36 /Users/dengronghui/Documents/Apps/public/datamanager/base/service.go:144: [:T]  Runner:  dataManagerService_LogStoreRunner-3 start running ......
2022/01/10 21:13:36 /Users/dengronghui/Documents/Apps/public/datamanager/base/service.go:144: [:T]  Runner:  dataManagerService_LogStoreRunner-9 start running ......
2022/01/10 21:13:36 /Users/dengronghui/Documents/Apps/public/datamanager/base/service.go:144: [:T]  Runner:  dataManagerService_LogStoreRunner-10 start running ......
2022/01/10 21:22:05 /Users/dengronghui/Documents/Apps/public/datamanager/base/service.go:53: [:T]Service:  dataManagerService starting ......
2022/01/10 21:22:05 /Users/dengronghui/Documents/Apps/public/datamanager/base/service.go:144: [:T]  Runner:  dataManagerService_LogLoadRunner-0 start running ......
2022/01/10 21:22:05 /Users/dengronghui/Documents/Apps/public/datamanager/base/service.go:144: [:T]  Runner:  dataManagerService_LogStoreRunner-9 start running ......
2022/01/10 21:22:05 /Users/dengronghui/Documents/Apps/public/datamanager/base/service.go:144: [:T]  Runner:  dataManagerService_LogStoreRunner-4 start running ......
2022/01/10 21:22:05 /Users/dengronghui/Documents/Apps/public/datamanager/base/service.go:144: [:T]  Runner:  dataManagerService_LogStoreRunner-6 start running ......
2022/01/10 21:22:05 /Users/dengronghui/Documents/Apps/public/datamanager/base/service.go:144: [:T]  Runner:  dataManagerService_LogStoreRunner-1 start running ......
2022/01/10 21:22:05 /Users/dengronghui/Documents/Apps/public/datamanager/base/service.go:144: [:T]  Runner:  dataManagerService_LogStoreRunner-10 start running ......
2022/01/10 21:22:05 /Users/dengronghui/Documents/Apps/public/datamanager/base/service.go:144: [:T]  Runner:  dataManagerService_LogStoreRunner-7 start running ......
2022/01/10 21:22:05 /Users/dengronghui/Documents/Apps/public/datamanager/base/service.go:144: [:T]  Runner:  dataManagerService_LogStoreRunner-8 start running ......
2022/01/10 21:22:05 /Users/dengronghui/Documents/Apps/public/datamanager/base/service.go:144: [:T]  Runner:  dataManagerService_LogStoreRunner-3 start running ......
2022/01/10 21:22:05 /Users/dengronghui/Documents/Apps/public/datamanager/base/service.go:144: [:T]  Runner:  dataManagerService_LogStoreRunner-2 start running ......
2022/01/10 21:22:05 /Users/dengronghui/Documents/Apps/public/datamanager/base/service.go:144: [:T]  Runner:  dataManagerService_LogStoreRunner-5 start running ......
2022/01/10 21:22:05 /Users/dengronghui/Documents/Apps/public/datamanager/base/service.go:60: [:T]Service:  dataManagerService started
2022/01/10 21:27:55 /Users/dengronghui/Documents/Apps/public/datamanager/base/service.go:53: [:T]Service:  dataManagerService starting ......
2022/01/10 21:27:55 /Users/dengronghui/Documents/Apps/public/datamanager/base/service.go:60: [:T]Service:  dataManagerService started
2022/01/10 21:27:55 /Users/dengronghui/Documents/Apps/public/datamanager/base/service.go:144: [:T]  Runner:  dataManagerService_LogStoreRunner-1 start running ......
2022/01/10 21:27:55 /Users/dengronghui/Documents/Apps/public/datamanager/base/service.go:144: [:T]  Runner:  dataManagerService_LogLoadRunner-0 start running ......
2022/01/10 21:27:55 /Users/dengronghui/Documents/Apps/public/datamanager/base/service.go:144: [:T]  Runner:  dataManagerService_LogStoreRunner-9 start running ......
2022/01/10 21:27:55 /Users/dengronghui/Documents/Apps/public/datamanager/base/service.go:144: [:T]  Runner:  dataManagerService_LogStoreRunner-10 start running ......
2022/01/10 21:27:55 /Users/dengronghui/Documents/Apps/public/datamanager/base/service.go:144: [:T]  Runner:  dataManagerService_LogStoreRunner-3 start running ......
2022/01/10 21:27:55 /Users/dengronghui/Documents/Apps/public/datamanager/base/service.go:144: [:T]  Runner:  dataManagerService_LogStoreRunner-5 start running ......
2022/01/10 21:27:55 /Users/dengronghui/Documents/Apps/public/datamanager/base/service.go:144: [:T]  Runner:  dataManagerService_LogStoreRunner-6 start running ......
2022/01/10 21:27:55 /Users/dengronghui/Documents/Apps/public/datamanager/base/service.go:144: [:T]  Runner:  dataManagerService_LogStoreRunner-7 start running ......
2022/01/10 21:27:55 /Users/dengronghui/Documents/Apps/public/datamanager/base/service.go:144: [:T]  Runner:  dataManagerService_LogStoreRunner-2 start running ......
2022/01/10 21:27:55 /Users/dengronghui/Documents/Apps/public/datamanager/base/service.go:144: [:T]  Runner:  dataManagerService_LogStoreRunner-8 start running ......
2022/01/10 21:27:55 /Users/dengronghui/Documents/Apps/public/datamanager/base/service.go:144: [:T]  Runner:  dataManagerService_LogStoreRunner-4 start running ......
2022/01/10 21:28:55 /Users/dengronghui/Documents/Apps/public/datamanager/base/service.go:163: [:T]∟/Users/dengronghui/Documents/Apps/public/datamanager/storerunner.go:42
 ∟/Users/dengronghui/Documents/Apps/public/datamanager/base/service.go:170
2022/01/10 21:34:36 /Users/dengronghui/Documents/Apps/public/datamanager/base/service.go:53: [:T]Service:  dataManagerService starting ......
2022/01/10 21:34:36 /Users/dengronghui/Documents/Apps/public/datamanager/base/service.go:60: [:T]Service:  dataManagerService started
2022/01/10 21:34:36 /Users/dengronghui/Documents/Apps/public/datamanager/base/service.go:144: [:T]  Runner:  dataManagerService_LogStoreRunner-3 start running ......
2022/01/10 21:34:36 /Users/dengronghui/Documents/Apps/public/datamanager/base/service.go:144: [:T]  Runner:  dataManagerService_LogStoreRunner-10 start running ......
2022/01/10 21:34:36 /Users/dengronghui/Documents/Apps/public/datamanager/base/service.go:144: [:T]  Runner:  dataManagerService_LogStoreRunner-2 start running ......
2022/01/10 21:34:36 /Users/dengronghui/Documents/Apps/public/datamanager/base/service.go:144: [:T]  Runner:  dataManagerService_LogLoadRunner-0 start running ......
2022/01/10 21:34:36 /Users/dengronghui/Documents/Apps/public/datamanager/base/service.go:144: [:T]  Runner:  dataManagerService_LogStoreRunner-1 start running ......
2022/01/10 21:34:36 /Users/dengronghui/Documents/Apps/public/datamanager/base/service.go:144: [:T]  Runner:  dataManagerService_LogStoreRunner-4 start running ......
2022/01/10 21:34:36 /Users/dengronghui/Documents/Apps/public/datamanager/base/service.go:144: [:T]  Runner:  dataManagerService_LogStoreRunner-6 start running ......
2022/01/10 21:34:36 /Users/dengronghui/Documents/Apps/public/datamanager/base/service.go:144: [:T]  Runner:  dataManagerService_LogStoreRunner-7 start running ......
2022/01/10 21:34:36 /Users/dengronghui/Documents/Apps/public/datamanager/base/service.go:144: [:T]  Runner:  dataManagerService_LogStoreRunner-9 start running ......
2022/01/10 21:34:36 /Users/dengronghui/Documents/Apps/public/datamanager/base/service.go:144: [:T]  Runner:  dataManagerService_LogStoreRunner-5 start running ......
2022/01/10 21:34:36 /Users/dengronghui/Documents/Apps/public/datamanager/base/service.go:144: [:T]  Runner:  dataManagerService_LogStoreRunner-8 start running ......
2022/01/10 21:40:15 /Users/dengronghui/Documents/Apps/public/datamanager/base/service.go:53: [:T]Service:  dataManagerService starting ......
2022/01/10 21:40:15 /Users/dengronghui/Documents/Apps/public/datamanager/base/service.go:60: [:T]Service:  dataManagerService started
2022/01/10 21:40:15 /Users/dengronghui/Documents/Apps/public/datamanager/base/service.go:144: [:T]  Runner:  dataManagerService_LogStoreRunner-3 start running ......
2022/01/10 21:40:15 /Users/dengronghui/Documents/Apps/public/datamanager/base/service.go:144: [:T]  Runner:  dataManagerService_LogStoreRunner-9 start running ......
2022/01/10 21:40:15 /Users/dengronghui/Documents/Apps/public/datamanager/base/service.go:144: [:T]  Runner:  dataManagerService_LogStoreRunner-1 start running ......
2022/01/10 21:40:15 /Users/dengronghui/Documents/Apps/public/datamanager/base/service.go:144: [:T]  Runner:  dataManagerService_LogStoreRunner-8 start running ......
2022/01/10 21:40:15 /Users/dengronghui/Documents/Apps/public/datamanager/base/service.go:144: [:T]  Runner:  dataManagerService_LogLoadRunner-0 start running ......
2022/01/10 21:40:15 /Users/dengronghui/Documents/Apps/public/datamanager/base/service.go:144: [:T]  Runner:  dataManagerService_LogStoreRunner-2 start running ......
2022/01/10 21:40:15 /Users/dengronghui/Documents/Apps/public/datamanager/base/service.go:144: [:T]  Runner:  dataManagerService_LogStoreRunner-7 start running ......
2022/01/10 21:40:15 /Users/dengronghui/Documents/Apps/public/datamanager/base/service.go:144: [:T]  Runner:  dataManagerService_LogStoreRunner-4 start running ......
2022/01/10 21:40:15 /Users/dengronghui/Documents/Apps/public/datamanager/base/service.go:144: [:T]  Runner:  dataManagerService_LogStoreRunner-10 start running ......
2022/01/10 21:40:15 /Users/dengronghui/Documents/Apps/public/datamanager/base/service.go:144: [:T]  Runner:  dataManagerService_LogStoreRunner-6 start running ......
2022/01/10 21:40:15 /Users/dengronghui/Documents/Apps/public/datamanager/base/service.go:144: [:T]  Runner:  dataManagerService_LogStoreRunner-5 start running ......
2022/01/10 21:45:35 /Users/dengronghui/Documents/Apps/public/datamanager/base/service.go:53: [:T]Service:  dataManagerService starting ......
2022/01/10 21:45:35 /Users/dengronghui/Documents/Apps/public/datamanager/base/service.go:60: [:T]Service:  dataManagerService started
2022/01/10 21:45:35 /Users/dengronghui/Documents/Apps/public/datamanager/base/service.go:144: [:T]  Runner:  dataManagerService_LogStoreRunner-7 start running ......
2022/01/10 21:45:35 /Users/dengronghui/Documents/Apps/public/datamanager/base/service.go:144: [:T]  Runner:  dataManagerService_LogStoreRunner-9 start running ......
2022/01/10 21:45:35 /Users/dengronghui/Documents/Apps/public/datamanager/base/service.go:144: [:T]  Runner:  dataManagerService_LogStoreRunner-5 start running ......
2022/01/10 21:45:35 /Users/dengronghui/Documents/Apps/public/datamanager/base/service.go:144: [:T]  Runner:  dataManagerService_LogLoadRunner-0 start running ......
2022/01/10 21:45:35 /Users/dengronghui/Documents/Apps/public/datamanager/base/service.go:144: [:T]  Runner:  dataManagerService_LogStoreRunner-3 start running ......
2022/01/10 21:45:35 /Users/dengronghui/Documents/Apps/public/datamanager/base/service.go:144: [:T]  Runner:  dataManagerService_LogStoreRunner-1 start running ......
2022/01/10 21:45:35 /Users/dengronghui/Documents/Apps/public/datamanager/base/service.go:144: [:T]  Runner:  dataManagerService_LogStoreRunner-8 start running ......
2022/01/10 21:45:35 /Users/dengronghui/Documents/Apps/public/datamanager/base/service.go:144: [:T]  Runner:  dataManagerService_LogStoreRunner-2 start running ......
2022/01/10 21:45:35 /Users/dengronghui/Documents/Apps/public/datamanager/base/service.go:144: [:T]  Runner:  dataManagerService_LogStoreRunner-6 start running ......
2022/01/10 21:45:35 /Users/dengronghui/Documents/Apps/public/datamanager/base/service.go:144: [:T]  Runner:  dataManagerService_LogStoreRunner-4 start running ......
2022/01/10 21:45:35 /Users/dengronghui/Documents/Apps/public/datamanager/base/service.go:144: [:T]  Runner:  dataManagerService_LogStoreRunner-10 start running ......
2022/01/10 21:45:46 /Users/dengronghui/Documents/Apps/public/datamanager/base/service.go:53: [:T]Service:  dataManagerService starting ......
2022/01/10 21:45:46 /Users/dengronghui/Documents/Apps/public/datamanager/base/service.go:60: [:T]Service:  dataManagerService started
2022/01/10 21:45:46 /Users/dengronghui/Documents/Apps/public/datamanager/base/service.go:144: [:T]  Runner:  dataManagerService_LogLoadRunner-0 start running ......
2022/01/10 21:45:46 /Users/dengronghui/Documents/Apps/public/datamanager/base/service.go:144: [:T]  Runner:  dataManagerService_LogStoreRunner-2 start running ......
2022/01/10 21:45:46 /Users/dengronghui/Documents/Apps/public/datamanager/base/service.go:144: [:T]  Runner:  dataManagerService_LogStoreRunner-10 start running ......
2022/01/10 21:45:46 /Users/dengronghui/Documents/Apps/public/datamanager/base/service.go:144: [:T]  Runner:  dataManagerService_LogStoreRunner-5 start running ......
2022/01/10 21:45:46 /Users/dengronghui/Documents/Apps/public/datamanager/base/service.go:144: [:T]  Runner:  dataManagerService_LogStoreRunner-1 start running ......
2022/01/10 21:45:46 /Users/dengronghui/Documents/Apps/public/datamanager/base/service.go:144: [:T]  Runner:  dataManagerService_LogStoreRunner-6 start running ......
2022/01/10 21:45:46 /Users/dengronghui/Documents/Apps/public/datamanager/base/service.go:144: [:T]  Runner:  dataManagerService_LogStoreRunner-9 start running ......
2022/01/10 21:45:46 /Users/dengronghui/Documents/Apps/public/datamanager/base/service.go:144: [:T]  Runner:  dataManagerService_LogStoreRunner-7 start running ......
2022/01/10 21:45:46 /Users/dengronghui/Documents/Apps/public/datamanager/base/service.go:144: [:T]  Runner:  dataManagerService_LogStoreRunner-3 start running ......
2022/01/10 21:45:46 /Users/dengronghui/Documents/Apps/public/datamanager/base/service.go:144: [:T]  Runner:  dataManagerService_LogStoreRunner-8 start running ......
2022/01/10 21:45:46 /Users/dengronghui/Documents/Apps/public/datamanager/base/service.go:144: [:T]  Runner:  dataManagerService_LogStoreRunner-4 start running ......
2022/01/10 21:46:33 /Users/dengronghui/Documents/Apps/public/datamanager/base/service.go:53: [:T]Service:  dataManagerService starting ......
2022/01/10 21:46:33 /Users/dengronghui/Documents/Apps/public/datamanager/base/service.go:144: [:T]  Runner:  dataManagerService_LogLoadRunner-0 start running ......
2022/01/10 21:46:33 /Users/dengronghui/Documents/Apps/public/datamanager/base/service.go:144: [:T]  Runner:  dataManagerService_LogStoreRunner-3 start running ......
2022/01/10 21:46:33 /Users/dengronghui/Documents/Apps/public/datamanager/base/service.go:144: [:T]  Runner:  dataManagerService_LogStoreRunner-10 start running ......
2022/01/10 21:46:33 /Users/dengronghui/Documents/Apps/public/datamanager/base/service.go:60: [:T]Service:  dataManagerService started
2022/01/10 21:46:33 /Users/dengronghui/Documents/Apps/public/datamanager/base/service.go:144: [:T]  Runner:  dataManagerService_LogStoreRunner-9 start running ......
2022/01/10 21:46:33 /Users/dengronghui/Documents/Apps/public/datamanager/base/service.go:144: [:T]  Runner:  dataManagerService_LogStoreRunner-7 start running ......
2022/01/10 21:46:33 /Users/dengronghui/Documents/Apps/public/datamanager/base/service.go:144: [:T]  Runner:  dataManagerService_LogStoreRunner-4 start running ......
2022/01/10 21:46:33 /Users/dengronghui/Documents/Apps/public/datamanager/base/service.go:144: [:T]  Runner:  dataManagerService_LogStoreRunner-5 start running ......
2022/01/10 21:46:33 /Users/dengronghui/Documents/Apps/public/datamanager/base/service.go:144: [:T]  Runner:  dataManagerService_LogStoreRunner-8 start running ......
2022/01/10 21:46:33 /Users/dengronghui/Documents/Apps/public/datamanager/base/service.go:144: [:T]  Runner:  dataManagerService_LogStoreRunner-6 start running ......
2022/01/10 21:46:33 /Users/dengronghui/Documents/Apps/public/datamanager/base/service.go:144: [:T]  Runner:  dataManagerService_LogStoreRunner-2 start running ......
2022/01/10 21:46:33 /Users/dengronghui/Documents/Apps/public/datamanager/base/service.go:144: [:T]  Runner:  dataManagerService_LogStoreRunner-1 start running ......
